







[0m[36mk2pdfopt v2.51[0m (w/DjVuLibre) (c) 2019, GPLv3, http://willus.com
    Compiled Jul  8 2019 with Gnu C v9.1.0 for Linux on x64.

[0m[34m a[0m. Autostraighten (-as)                [0m[34mmo[0m. Mode (-mode)
[0m[34m b[0m. Bitmap type (-jpg,-png,-bpc)        [0m[34m o[0m. Output name (-o)
[0m[34mbp[0m. Break pages (-bp,-f2p)              [0m[34mom[0m. Output margins (-om)
[0m[34m c[0m. Color/Negative output (-c, -neg)    [0m[34m p[0m. Page range (-p)
[0m[34mco[0m. Column detection (-col,-ch,...)     [0m[34mpd[0m. Padding/Marking (-p[lrbt],-mc)
[0m[34mcs[0m. Contrast/Sharpen (-cmax,-g,-s,-wt)  [0m[34m r[0m. Right-to-left page scans (-r)
[0m[34m d[0m. Device selection (-dev,-h,-w,-dpi)  [0m[34mrt[0m. Rotate source page (-sr)
[0m[34mds[0m. Document scale factor (-ds)         [0m[34m s[0m. Special (-de,-evl,-gs)
[0m[34m f[0m. Fit to single column (-fc)          [0m[34msm[0m. Show marked source (-sm)
[0m[34mgt[0m. Gap thresholds (-gt...)             [0m[34m u[0m. Usage (command line opts)
[0m[34m j[0m. Justification (-j)                  [0m[34m v[0m. Vertical spacing (-vb,-vs)
[0m[34m l[0m. Landscape mode (-ls)                [0m[34m w[0m. Wrap/Reflow text (-wrap,-ws)
[0m[34m m[0m. Margin to ignore (-m)               [0m[34m x[0m. Exit on completion (-x)

Selected options: [0m[33m -dev pw3
    ./uploaded_files/b7446739a22a4891a33262aa61f604bb.pdf -o output.pdf[0m

[0m[33mEnter option above (h=help, q=quit): [0m[0m
Reading 10 pages from [0m[33m./uploaded_files/b7446739a22a4891a33262aa61f604bb.pdf[0m ...

Detecting document orientation ... 