







[0m[36mk2pdfopt v2.51[0m (w/DjVuLibre) (c) 2019, GPLv3, http://willus.com
    Compiled Jul  8 2019 with Gnu C v9.1.0 for Linux on x64.

[0m[31mDevice profile 'pw3./uploaded_files/97a360ba5a1d1455ced58381352d92c4.pdf.pdf' not known.[0m
[0m[34m a[0m. Autostraighten (-as)                [0m[34mmo[0m. Mode (-mode)
[0m[34m b[0m. Bitmap type (-jpg,-png,-bpc)        [0m[34m o[0m. Output name (-o)
[0m[34mbp[0m. Break pages (-bp,-f2p)              [0m[34mom[0m. Output margins (-om)
[0m[34m c[0m. Color/Negative output (-c, -neg)    [0m[34m p[0m. Page range (-p)
[0m[34mco[0m. Column detection (-col,-ch,...)     [0m[34mpd[0m. Padding/Marking (-p[lrbt],-mc)
[0m[34mcs[0m. Contrast/Sharpen (-cmax,-g,-s,-wt)  [0m[34m r[0m. Right-to-left page scans (-r)
[0m[34m d[0m. Device selection (-dev,-h,-w,-dpi)  [0m[34mrt[0m. Rotate source page (-sr)
[0m[34mds[0m. Document scale factor (-ds)         [0m[34m s[0m. Special (-de,-evl,-gs)
[0m[34m f[0m. Fit to single column (-fc)          [0m[34msm[0m. Show marked source (-sm)
[0m[34mgt[0m. Gap thresholds (-gt...)             [0m[34m u[0m. Usage (command line opts)
[0m[34m j[0m. Justification (-j)                  [0m[34m v[0m. Vertical spacing (-vb,-vs)
[0m[34m l[0m. Landscape mode (-ls)                [0m[34m w[0m. Wrap/Reflow text (-wrap,-ws)
[0m[34m m[0m. Margin to ignore (-m)               [0m[34m x[0m. Exit on completion (-x)

Selected options: [0m[33m -dev
    pw3./uploaded_files/97a360ba5a1d1455ced58381352d92c4.pdf.pdf[0m

[0m[33mEnter option above (h=help, q=quit): [0m[0m
[0m[31mDevice profile 'pw3./uploaded_files/97a360ba5a1d1455ced58381352d92c4.pdf.pdf' not known.[0m
[0mTotal CPU time used: 0.00 s
[0m[33mPress <ENTER> to exit.[0m







[0m[36mk2pdfopt v2.51[0m (w/DjVuLibre) (c) 2019, GPLv3, http://willus.com
    Compiled Jul  8 2019 with Gnu C v9.1.0 for Linux on x64.

[0m[34m a[0m. Autostraighten (-as)                [0m[34mmo[0m. Mode (-mode)
[0m[34m b[0m. Bitmap type (-jpg,-png,-bpc)        [0m[34m o[0m. Output name (-o)
[0m[34mbp[0m. Break pages (-bp,-f2p)              [0m[34mom[0m. Output margins (-om)
[0m[34m c[0m. Color/Negative output (-c, -neg)    [0m[34m p[0m. Page range (-p)
[0m[34mco[0m. Column detection (-col,-ch,...)     [0m[34mpd[0m. Padding/Marking (-p[lrbt],-mc)
[0m[34mcs[0m. Contrast/Sharpen (-cmax,-g,-s,-wt)  [0m[34m r[0m. Right-to-left page scans (-r)
[0m[34m d[0m. Device selection (-dev,-h,-w,-dpi)  [0m[34mrt[0m. Rotate source page (-sr)
[0m[34mds[0m. Document scale factor (-ds)         [0m[34m s[0m. Special (-de,-evl,-gs)
[0m[34m f[0m. Fit to single column (-fc)          [0m[34msm[0m. Show marked source (-sm)
[0m[34mgt[0m. Gap thresholds (-gt...)             [0m[34m u[0m. Usage (command line opts)
[0m[34m j[0m. Justification (-j)                  [0m[34m v[0m. Vertical spacing (-vb,-vs)
[0m[34m l[0m. Landscape mode (-ls)                [0m[34m w[0m. Wrap/Reflow text (-wrap,-ws)
[0m[34m m[0m. Margin to ignore (-m)               [0m[34m x[0m. Exit on completion (-x)

Selected options: [0m[33m -dev pw3
    ./uploaded_files/dfc82c171fce591876c64386e335f03c.pdf.pdf[0m

[0m[33mEnter option above (h=help, q=quit): [0m[0m
[0m[31m
** File or folder ./uploaded_files/dfc82c171fce591876c64386e335f03c.pdf.pdf could not be opened. **

[0m[0mTotal CPU time used: 0.00 s
[0m[33mPress <ENTER> to exit.[0m







[0m[36mk2pdfopt v2.51[0m (w/DjVuLibre) (c) 2019, GPLv3, http://willus.com
    Compiled Jul  8 2019 with Gnu C v9.1.0 for Linux on x64.

[0m[34m a[0m. Autostraighten (-as)                [0m[34mmo[0m. Mode (-mode)
[0m[34m b[0m. Bitmap type (-jpg,-png,-bpc)        [0m[34m o[0m. Output name (-o)
[0m[34mbp[0m. Break pages (-bp,-f2p)              [0m[34mom[0m. Output margins (-om)
[0m[34m c[0m. Color/Negative output (-c, -neg)    [0m[34m p[0m. Page range (-p)
[0m[34mco[0m. Column detection (-col,-ch,...)     [0m[34mpd[0m. Padding/Marking (-p[lrbt],-mc)
[0m[34mcs[0m. Contrast/Sharpen (-cmax,-g,-s,-wt)  [0m[34m r[0m. Right-to-left page scans (-r)
[0m[34m d[0m. Device selection (-dev,-h,-w,-dpi)  [0m[34mrt[0m. Rotate source page (-sr)
[0m[34mds[0m. Document scale factor (-ds)         [0m[34m s[0m. Special (-de,-evl,-gs)
[0m[34m f[0m. Fit to single column (-fc)          [0m[34msm[0m. Show marked source (-sm)
[0m[34mgt[0m. Gap thresholds (-gt...)             [0m[34m u[0m. Usage (command line opts)
[0m[34m j[0m. Justification (-j)                  [0m[34m v[0m. Vertical spacing (-vb,-vs)
[0m[34m l[0m. Landscape mode (-ls)                [0m[34m w[0m. Wrap/Reflow text (-wrap,-ws)
[0m[34m m[0m. Margin to ignore (-m)               [0m[34m x[0m. Exit on completion (-x)

Selected options: [0m[33m -dev pw3
    ./uploaded_files/a7a7db36a4023850710963f6c1289a2b.pdf.pdf[0m

[0m[33mEnter option above (h=help, q=quit): [0m[0m
[0m[31m
** File or folder ./uploaded_files/a7a7db36a4023850710963f6c1289a2b.pdf.pdf could not be opened. **

[0m[0mTotal CPU time used: 0.00 s
[0m[33mPress <ENTER> to exit.[0m







[0m[36mk2pdfopt v2.51[0m (w/DjVuLibre) (c) 2019, GPLv3, http://willus.com
    Compiled Jul  8 2019 with Gnu C v9.1.0 for Linux on x64.

[0m[34m a[0m. Autostraighten (-as)                [0m[34mmo[0m. Mode (-mode)
[0m[34m b[0m. Bitmap type (-jpg,-png,-bpc)        [0m[34m o[0m. Output name (-o)
[0m[34mbp[0m. Break pages (-bp,-f2p)              [0m[34mom[0m. Output margins (-om)
[0m[34m c[0m. Color/Negative output (-c, -neg)    [0m[34m p[0m. Page range (-p)
[0m[34mco[0m. Column detection (-col,-ch,...)     [0m[34mpd[0m. Padding/Marking (-p[lrbt],-mc)
[0m[34mcs[0m. Contrast/Sharpen (-cmax,-g,-s,-wt)  [0m[34m r[0m. Right-to-left page scans (-r)
[0m[34m d[0m. Device selection (-dev,-h,-w,-dpi)  [0m[34mrt[0m. Rotate source page (-sr)
[0m[34mds[0m. Document scale factor (-ds)         [0m[34m s[0m. Special (-de,-evl,-gs)
[0m[34m f[0m. Fit to single column (-fc)          [0m[34msm[0m. Show marked source (-sm)
[0m[34mgt[0m. Gap thresholds (-gt...)             [0m[34m u[0m. Usage (command line opts)
[0m[34m j[0m. Justification (-j)                  [0m[34m v[0m. Vertical spacing (-vb,-vs)
[0m[34m l[0m. Landscape mode (-ls)                [0m[34m w[0m. Wrap/Reflow text (-wrap,-ws)
[0m[34m m[0m. Margin to ignore (-m)               [0m[34m x[0m. Exit on completion (-x)

Selected options: [0m[33m -dev pw3
    ./uploaded_files/ca0f138cef21ed05b751830d4d6da5c7.pdf[0m

[0m[33mEnter option above (h=help, q=quit): [0m[0m
Reading 2 pages from [0m[33m./uploaded_files/ca0f138cef21ed05b751830d4d6da5c7.pdf[0m ...

Detecting document orientation ... Ghostscript found:  '/usr/bin/gs'
No rotation necessary.

[0m[36mSOURCE PAGE 1 of 2[0m (8.3 x 11.7 in) ... 4 new pages saved.

[0m[36mSOURCE PAGE 2 of 2[0m (8.3 x 11.7 in) ... 2 new pages saved.

[0m[34m7 pages[0m written to [0m[35m./uploaded_files/ca0f138cef21ed05b751830d4d6da5c7_k2opt.pdf[0m (0.5 MB).

[0mTotal CPU time used: 5.77 s
[0m[33mPress <ENTER> to exit.[0m







[0m[36mk2pdfopt v2.51[0m (w/DjVuLibre) (c) 2019, GPLv3, http://willus.com
    Compiled Jul  8 2019 with Gnu C v9.1.0 for Linux on x64.

[0m[34m a[0m. Autostraighten (-as)                [0m[34mmo[0m. Mode (-mode)
[0m[34m b[0m. Bitmap type (-jpg,-png,-bpc)        [0m[34m o[0m. Output name (-o)
[0m[34mbp[0m. Break pages (-bp,-f2p)              [0m[34mom[0m. Output margins (-om)
[0m[34m c[0m. Color/Negative output (-c, -neg)    [0m[34m p[0m. Page range (-p)
[0m[34mco[0m. Column detection (-col,-ch,...)     [0m[34mpd[0m. Padding/Marking (-p[lrbt],-mc)
[0m[34mcs[0m. Contrast/Sharpen (-cmax,-g,-s,-wt)  [0m[34m r[0m. Right-to-left page scans (-r)
[0m[34m d[0m. Device selection (-dev,-h,-w,-dpi)  [0m[34mrt[0m. Rotate source page (-sr)
[0m[34mds[0m. Document scale factor (-ds)         [0m[34m s[0m. Special (-de,-evl,-gs)
[0m[34m f[0m. Fit to single column (-fc)          [0m[34msm[0m. Show marked source (-sm)
[0m[34mgt[0m. Gap thresholds (-gt...)             [0m[34m u[0m. Usage (command line opts)
[0m[34m j[0m. Justification (-j)                  [0m[34m v[0m. Vertical spacing (-vb,-vs)
[0m[34m l[0m. Landscape mode (-ls)                [0m[34m w[0m. Wrap/Reflow text (-wrap,-ws)
[0m[34m m[0m. Margin to ignore (-m)               [0m[34m x[0m. Exit on completion (-x)

Selected options: [0m[33m -dev pw3
    ./uploaded_files/58ac7274bdec13dac6f3e591af32b634.pdf[0m

[0m[33mEnter option above (h=help, q=quit): [0m[0m
Reading 2 pages from [0m[33m./uploaded_files/58ac7274bdec13dac6f3e591af32b634.pdf[0m ...

Detecting document orientation ... Ghostscript found:  '/usr/bin/gs'
No rotation necessary.

[0m[36mSOURCE PAGE 1 of 2[0m (8.3 x 11.7 in) ... 4 new pages saved.

[0m[36mSOURCE PAGE 2 of 2[0m (8.3 x 11.7 in) ... 2 new pages saved.

[0m[34m7 pages[0m written to [0m[35m./uploaded_files/58ac7274bdec13dac6f3e591af32b634_k2opt.pdf[0m (0.5 MB).

[0mTotal CPU time used: 5.36 s
[0m[33mPress <ENTER> to exit.[0m







[0m[36mk2pdfopt v2.51[0m (w/DjVuLibre) (c) 2019, GPLv3, http://willus.com
    Compiled Jul  8 2019 with Gnu C v9.1.0 for Linux on x64.

[0m[34m a[0m. Autostraighten (-as)                [0m[34mmo[0m. Mode (-mode)
[0m[34m b[0m. Bitmap type (-jpg,-png,-bpc)        [0m[34m o[0m. Output name (-o)
[0m[34mbp[0m. Break pages (-bp,-f2p)              [0m[34mom[0m. Output margins (-om)
[0m[34m c[0m. Color/Negative output (-c, -neg)    [0m[34m p[0m. Page range (-p)
[0m[34mco[0m. Column detection (-col,-ch,...)     [0m[34mpd[0m. Padding/Marking (-p[lrbt],-mc)
[0m[34mcs[0m. Contrast/Sharpen (-cmax,-g,-s,-wt)  [0m[34m r[0m. Right-to-left page scans (-r)
[0m[34m d[0m. Device selection (-dev,-h,-w,-dpi)  [0m[34mrt[0m. Rotate source page (-sr)
[0m[34mds[0m. Document scale factor (-ds)         [0m[34m s[0m. Special (-de,-evl,-gs)
[0m[34m f[0m. Fit to single column (-fc)          [0m[34msm[0m. Show marked source (-sm)
[0m[34mgt[0m. Gap thresholds (-gt...)             [0m[34m u[0m. Usage (command line opts)
[0m[34m j[0m. Justification (-j)                  [0m[34m v[0m. Vertical spacing (-vb,-vs)
[0m[34m l[0m. Landscape mode (-ls)                [0m[34m w[0m. Wrap/Reflow text (-wrap,-ws)
[0m[34m m[0m. Margin to ignore (-m)               [0m[34m x[0m. Exit on completion (-x)

Selected options: [0m[33m -dev pw3
    ./uploaded_files/38d41fe6541ef7ef5297c396d41027e1.pdf -o output.pdf[0m

[0m[33mEnter option above (h=help, q=quit): [0m[0m
Reading 2 pages from [0m[33m./uploaded_files/38d41fe6541ef7ef5297c396d41027e1.pdf[0m ...

Detecting document orientation ... Ghostscript found:  '/usr/bin/gs'
No rotation necessary.

[0m[36mSOURCE PAGE 1 of 2[0m (8.3 x 11.7 in) ... 4 new pages saved.

[0m[36mSOURCE PAGE 2 of 2[0m (8.3 x 11.7 in) ... 2 new pages saved.

[0m[34m7 pages[0m written to [0m[35moutput.pdf[0m (0.5 MB).

[0mTotal CPU time used: 5.36 s
[0m[33mPress <ENTER> to exit.[0m







[0m[36mk2pdfopt v2.51[0m (w/DjVuLibre) (c) 2019, GPLv3, http://willus.com
    Compiled Jul  8 2019 with Gnu C v9.1.0 for Linux on x64.

[0m[34m a[0m. Autostraighten (-as)                [0m[34mmo[0m. Mode (-mode)
[0m[34m b[0m. Bitmap type (-jpg,-png,-bpc)        [0m[34m o[0m. Output name (-o)
[0m[34mbp[0m. Break pages (-bp,-f2p)              [0m[34mom[0m. Output margins (-om)
[0m[34m c[0m. Color/Negative output (-c, -neg)    [0m[34m p[0m. Page range (-p)
[0m[34mco[0m. Column detection (-col,-ch,...)     [0m[34mpd[0m. Padding/Marking (-p[lrbt],-mc)
[0m[34mcs[0m. Contrast/Sharpen (-cmax,-g,-s,-wt)  [0m[34m r[0m. Right-to-left page scans (-r)
[0m[34m d[0m. Device selection (-dev,-h,-w,-dpi)  [0m[34mrt[0m. Rotate source page (-sr)
[0m[34mds[0m. Document scale factor (-ds)         [0m[34m s[0m. Special (-de,-evl,-gs)
[0m[34m f[0m. Fit to single column (-fc)          [0m[34msm[0m. Show marked source (-sm)
[0m[34mgt[0m. Gap thresholds (-gt...)             [0m[34m u[0m. Usage (command line opts)
[0m[34m j[0m. Justification (-j)                  [0m[34m v[0m. Vertical spacing (-vb,-vs)
[0m[34m l[0m. Landscape mode (-ls)                [0m[34m w[0m. Wrap/Reflow text (-wrap,-ws)
[0m[34m m[0m. Margin to ignore (-m)               [0m[34m x[0m. Exit on completion (-x)

Selected options: [0m[33m -dev pw3
    ./uploaded_files/2bd271b6a0acf9d578d7ea79f878d4ad.pdf -o output.pdf[0m

[0m[33mEnter option above (h=help, q=quit): [0m[0m
Reading 2 pages from [0m[33m./uploaded_files/2bd271b6a0acf9d578d7ea79f878d4ad.pdf[0m ...

Detecting document orientation ... Ghostscript found:  '/usr/bin/gs'
No rotation necessary.

[0m[36mSOURCE PAGE 1 of 2[0m (8.3 x 11.7 in) ... 4 new pages saved.

[0m[36mSOURCE PAGE 2 of 2[0m (8.3 x 11.7 in) ... 2 new pages saved.

[0m[34m7 pages[0m written to [0m[35moutput.pdf[0m (0.5 MB).

[0mTotal CPU time used: 5.29 s
[0m[33mPress <ENTER> to exit.[0m